    1  2017-02-15 20:55:54  
    2  2017-02-15 17:42:09 clear
    3  2017-02-15 17:42:09 ls
    4  2017-02-15 17:42:13 uname -a
    5  2017-02-15 17:42:14 clear
    6  2017-02-15 17:42:29 yum --help
    7  2017-02-15 17:42:53 yum -q nginx
    8  2017-02-15 17:42:59 yum -i nginx
    9  2017-02-15 17:43:23 yum list nginx
   10  2017-02-15 17:43:34 yum install nginx
   11  2017-02-15 17:43:50 clear
   12  2017-02-15 17:43:52 nginx
   13  2017-02-15 17:44:17 yum list mysql
   14  2017-02-15 17:44:28 yum search mysql
   15  2017-02-15 17:44:38 clear
   16  2017-02-15 17:44:41 clear
   17  2017-02-15 17:46:14 yum list | grep mysql
   18  2017-02-15 17:46:39 yum list | grep mysql-server
   19  2017-02-15 17:48:55 clear
   20  2017-02-15 17:49:13 yum install mysql-community-server
   21  2017-02-15 17:49:37 ls
   22  2017-02-15 17:49:38 cd /
   23  2017-02-15 17:49:39 ls
   24  2017-02-15 17:49:40 clear
   25  2017-02-15 17:49:41 ls
   26  2017-02-15 17:49:45 cd tmp/
   27  2017-02-15 17:49:48 cd ..
   28  2017-02-15 17:49:48 ls
   29  2017-02-15 17:49:53 cd home/
   30  2017-02-15 17:49:53 ls
   31  2017-02-15 17:50:02 cd /opt/
   32  2017-02-15 17:50:03 ls
   33  2017-02-15 17:50:04 clar
   34  2017-02-15 17:50:05 clear
   35  2017-02-15 17:50:05 ls
   36  2017-02-15 17:50:07 cd rh/
   37  2017-02-15 17:50:07 ls
   38  2017-02-15 17:50:10 cd ..
   39  2017-02-15 17:50:15 mkdir temp
   40  2017-02-15 17:50:15 ls
   41  2017-02-15 17:50:17 cd temp/
   42  2017-02-15 17:50:17 ls
   43  2017-02-15 17:50:18 clear
   44  2017-02-15 17:50:23 wget http://dev.mysql.com/get/mysql57-community-release-el7-8.noarch.rpm
   45  2017-02-15 17:50:31 clear
   46  2017-02-15 17:57:07 ls
   47  2017-02-15 17:57:34 yum install mysql57-community-release-el7-8.noarch.rpm 
   48  2017-02-15 17:57:39 clear
   49  2017-02-15 17:57:53 yum repolist enabled | grep "mysql.*-community.*"
   50  2017-02-15 17:58:00 clear
   51  2017-02-15 18:04:45 top
   52  2017-02-15 18:05:45 htop
   53  2017-02-15 18:05:46 clear
   54  2017-02-15 18:05:50 yum list htop
   55  2017-02-15 18:05:56 clear
   56  2017-02-15 18:06:06 yum list installed
   57  2017-02-15 18:06:09 clear
   58  2017-02-15 18:06:23 ping www.baidu.com
   59  2017-02-15 18:06:30 ping www.google.com
   60  2017-02-15 18:06:47 ping www.taobao.com
   61  2017-02-15 18:07:02 ping www.github.com
   62  2017-02-15 18:07:09 clear
   63  2017-02-15 17:58:06 yum install mysql-community-server
   64  2017-02-15 18:11:48 systemctl start mysqld
   65  2017-02-15 18:12:03 systemctl status mysqld
   66  2017-02-15 18:12:13 systemctl enable mysqld
   67  2017-02-15 18:12:19 systemctl daemon-reload
   68  2017-02-15 18:12:25 grep 'temporary password' /var/log/mysqld.log
   69  2017-02-15 19:06:35 ls
   70  2017-02-15 19:06:41 top
   71  2017-02-15 19:32:32 cd /
   72  2017-02-15 19:32:35 ls
   73  2017-02-15 19:32:44 clear
   74  2017-02-15 19:41:10 ls
   75  2017-02-15 19:41:12 top
   76  2017-02-15 19:42:45 yum list htop
   77  2017-02-15 19:42:53 yum install htop
   78  2017-02-15 19:42:59 htop
   79  2017-02-15 19:43:49 clear
   80  2017-02-15 19:43:50 history
   81  2017-02-15 19:43:59 grep 'temporary password' /var/log/mysqld.log
   82  2017-02-15 19:47:36 ls
   83  2017-02-15 19:47:47 cd /
   84  2017-02-15 19:47:50 ls
   85  2017-02-15 19:44:17 mysql -uroot -p
   86  2017-02-15 19:54:35 yum list | grep jdk
   87  2017-02-15 19:56:39 yum install java-1.7.0-openjdk.x86_64 java-1.7.0-openjdk-devel.x86_64
   88  2017-02-15 19:57:13 java
   89  2017-02-15 19:57:14 clear
   90  2017-02-15 19:57:17 java -version
   91  2017-02-15 19:57:18 clear
   92  2017-02-15 19:57:29 python
   93  2017-02-15 19:57:36 clear
   94  2017-02-15 19:58:28 htop
   95  2017-02-15 19:59:13 clear
   96  2017-02-15 19:59:28 ps -ef | grep mysql
   97  2017-02-15 20:00:37 clear
   98  2017-02-15 20:00:37 java
   99  2017-02-15 20:00:40 clear
  100  2017-02-15 20:00:49 yum install maven
  101  2017-02-15 20:01:29 clear
  102  2017-02-15 20:01:32 git 
  103  2017-02-15 20:01:36 yum install git
  104  2017-02-15 20:01:44 clear
  105  2017-02-15 20:01:46 git --help
  106  2017-02-15 20:05:44 ssh-keygen
  107  2017-02-15 20:08:13 cd /root/.ssh/
  108  2017-02-15 20:08:14 ls
  109  2017-02-15 20:08:20 more id_rsa
  110  2017-02-15 20:08:31 more id_rsa.pub 
  111  2017-02-15 20:08:48 clear
  112  2017-02-15 20:09:01 ssh -T git@github.com
  113  2017-02-15 20:10:58 cd /
  114  2017-02-15 20:11:00 cd home/
  115  2017-02-15 20:11:01 ls
  116  2017-02-15 20:11:04 cd /
  117  2017-02-15 20:11:06 ls
  118  2017-02-15 20:11:14 cd srv/
  119  2017-02-15 20:11:14 ls
  120  2017-02-15 20:11:21 cd /opt/
  121  2017-02-15 20:11:22 ls
  122  2017-02-15 20:11:23 clear
  123  2017-02-15 20:11:26 cd /
  124  2017-02-15 20:11:26 ls
  125  2017-02-15 20:11:28 cd data/
  126  2017-02-15 20:11:29 ls
  127  2017-02-15 20:11:32 ls
  128  2017-02-15 20:11:42 mkdir java
  129  2017-02-15 20:11:44 ls
  130  2017-02-15 20:11:45 cd java/
  131  2017-02-15 20:11:46 ls
  132  2017-02-15 20:11:47 clear
  133  2017-02-15 20:12:02 git clone https://github.com/gongjunhao/lyp.git
  134  2017-02-15 20:12:55 ls
  135  2017-02-15 20:12:57 cd lyp/
  136  2017-02-15 20:12:57 ls
  137  2017-02-15 20:12:58 clear
  138  2017-02-15 20:13:04 mvn clean
  139  2017-02-15 20:13:24 mvn install
  140  2017-02-15 20:34:59 ls
  141  2017-02-15 20:35:01 cd doc/
  142  2017-02-15 20:35:01 l
  143  2017-02-15 20:35:03 ls
  144  2017-02-15 20:35:06 cd db/
  145  2017-02-15 20:35:06 ls
  146  2017-02-15 20:35:17 more lyp.
  147  2017-02-15 20:35:21 more lyp.sql 
  148  2017-02-15 20:35:43       clear
  149  2017-02-15 20:35:44 ls
  150  2017-02-15 19:49:10 htop
  151  2017-02-15 20:38:41 export LANG="zh_CN.UTF-8"
  152  2017-02-15 20:38:44 more lyp.sql 
  153  2017-02-15 20:38:56  yum -y groupinstall chinese-support
  154  2017-02-15 20:39:30 more lyp.sql 
  155  2017-02-15 20:39:45 yum -y groupinstall chinese-support
  156  2017-02-15 20:40:36 vi /etc/sysconfig/i18n
  157  2017-02-15 20:40:55 clear
  158  2017-02-15 20:42:05 cat /etc/locale.conf 
  159  2017-02-15 20:42:18 cp /etc/locale.conf /etc/locale.conf_bak
  160  2017-02-15 20:42:24 vim /etc/locale.conf
  161  2017-02-15 20:42:43 clear
  162  2017-02-15 20:42:49 clear
  163  2017-02-15 20:42:54 logout
  164  2017-02-15 20:42:59 clear
  165  2017-02-15 20:43:09 vi /etc/locale.conf
  166  2017-02-15 20:43:56 exit
  167  2017-02-15 20:44:08 cd /data/java/
  168  2017-02-15 20:44:13 cd lyp/doc/db/
  169  2017-02-15 20:44:13 ls
  170  2017-02-15 20:44:17 more lyp.sql 
  171  2017-02-15 20:44:21 clear
  172  2017-02-15 20:44:46 mysql -uroot -p
  173  2017-02-15 20:47:39 pwd
  174  2017-02-15 20:47:54 mysql -uroot -p
  175  2017-02-15 20:50:27 clear
  176  2017-02-15 20:50:30 cd ..
  177  2017-02-15 20:50:31 ls
  178  2017-02-15 20:50:32 cd ..
  179  2017-02-15 20:50:36 cd src/
  180  2017-02-15 20:50:37 ls
  181  2017-02-15 20:50:40 cd main/java/
  182  2017-02-15 20:50:40 ls
  183  2017-02-15 20:50:42 cd com/
  184  2017-02-15 20:50:42 ls
  185  2017-02-15 20:50:43 cd lyp360/
  186  2017-02-15 20:50:44 ls
  187  2017-02-15 20:50:51 cd ..
  188  2017-02-15 20:50:53 cd ..
  189  2017-02-15 20:50:54 cd ..
  190  2017-02-15 20:50:56 ls
  191  2017-02-15 20:50:58 cd resources/
  192  2017-02-15 20:50:59 ls
  193  2017-02-15 20:51:07 vi jdbc.properties 
  194  2017-02-15 20:51:33 cd /data/java/lyp/
  195  2017-02-15 20:51:34 ls
  196  2017-02-15 20:51:40 mvn compile 
  197  2017-02-15 20:51:53 mvn install 
  198  2017-02-15 20:52:45 maven install skip test
  199  2017-02-15 20:53:09 clear
  200  2017-02-15 20:53:10 ls
  201  2017-02-15 20:53:13 mvn install -Dmaven.test.skip = true
  202  2017-02-15 20:53:30 mvn install -Dmaven.test.skip=true
  203  2017-02-15 20:54:07 clear
  204  2017-02-15 20:54:10 ls
  205  2017-02-15 20:54:12 more pom.xml 
  206  2017-02-15 20:55:57 cd /etc/
  207  2017-02-15 20:55:57 ls
  208  2017-02-15 20:56:01 cd maven/
  209  2017-02-15 20:56:01 ls
  210  2017-02-15 20:56:04 more settings.xml 
  211  2017-02-15 20:56:45 cd  ~
  212  2017-02-15 20:56:48 ls -a
  213  2017-02-15 20:56:50 cd .m2/
  214  2017-02-15 20:56:51 ls
  215  2017-02-15 20:56:52 cd repository/
  216  2017-02-15 20:56:53 ls
  217  2017-02-15 20:56:55 clear
  218  2017-02-15 20:58:31 htop
  219  2017-02-15 20:59:44 clear
  220  2017-02-15 21:08:18 htop
  221  2017-02-15 21:09:40 clear
  222  2017-02-15 21:09:48 ps -ef | grep mysql
  223  2017-02-15 21:09:54 ps -ef | grep python
  224  2017-02-15 21:10:23 yum list | grep redis
  225  2017-02-15 21:10:44 yum install redis.x86_64
  226  2017-02-15 21:11:23 history 
  227  2017-02-15 21:11:53 cd /tmp/
  228  2017-02-15 21:11:54 sl
  229  2017-02-15 21:11:55 ls
  230  2017-02-15 21:11:56 clear
  231  2017-02-15 21:11:57 ls
  232  2017-02-15 21:12:08 pwd
  233  2017-02-15 21:12:25 history >history.log
